<?xml version="1.0" encoding="utf-8" ?>
<!DOCTYPE html PUBLIC "-//W3C//DTD XHTML 1.0 Strict//EN"
        "http://www.w3.org/TR/xhtml1/DTD/xhtml1-strict.dtd">
<html xmlns="http://www.w3.org/1999/xhtml" xml:lang="" lang="">
<head>
  <title>TroubleshootingPerformance - REST</title>
  <meta http-equiv="Content-Type" content="text/html;charset=utf-8" />
  <meta name="description" content="TestNG unit test results." />
  <link href="reportng.css" rel="stylesheet" type="text/css" />
    <script type="text/javascript" src="reportng.js"></script>
</head>
<body>
<h1>REST</h1>
<p>
  Test duration: 0.000s
</p>



  <table class="resultsTable">
    <tr><th colspan="3" class="header failed">Failed Tests</th></tr>
          <tr>
        <td colspan="3" class="group">com.vmware.vcopsqa.troubleshootingapi.api.tests.rest.components.problemDefinition.ProblemDefinitionTestREST</td>
      </tr>
            
<tr>
  <td class="method">
                  createSimpleProblemDefinitionWithCompositeSymptomReference
      </td>
  <td class="duration">
    0.000s
  </td>
  <td class="result">
        
    
        

        <a href="javascript:toggleElement('exception-0', 'block')" title="Click to expand/collapse"><b>java.lang.RuntimeException: java.lang.NullPointerException</b></a><br />
    <div class="stackTrace" id="exception-0">
              org.testng.internal.MethodInvocationHelper.invokeDataProvider(MethodInvocationHelper.java:130)<br />
              org.testng.internal.Parameters.handleParameters(Parameters.java:414)<br />
              org.testng.internal.Invoker.handleParameters(Invoker.java:1358)<br />
              org.testng.internal.Invoker.createParameters(Invoker.java:1058)<br />
              org.testng.internal.Invoker.invokeTestMethods(Invoker.java:1160)<br />
              org.testng.internal.TestMethodWorker.invokeTestMethods(TestMethodWorker.java:127)<br />
              org.testng.internal.TestMethodWorker.run(TestMethodWorker.java:111)<br />
              org.testng.TestRunner.privateRun(TestRunner.java:758)<br />
              org.testng.TestRunner.run(TestRunner.java:613)<br />
              org.testng.SuiteRunner.runTest(SuiteRunner.java:334)<br />
              org.testng.SuiteRunner.runSequentially(SuiteRunner.java:329)<br />
              org.testng.SuiteRunner.privateRun(SuiteRunner.java:291)<br />
              org.testng.SuiteRunner.run(SuiteRunner.java:240)<br />
              org.testng.SuiteRunnerWorker.runSuite(SuiteRunnerWorker.java:53)<br />
              org.testng.SuiteRunnerWorker.run(SuiteRunnerWorker.java:87)<br />
              org.testng.TestNG.runSuitesSequentially(TestNG.java:1137)<br />
              org.testng.TestNG.runSuitesLocally(TestNG.java:1062)<br />
              org.testng.TestNG.run(TestNG.java:974)<br />
              org.apache.maven.surefire.testng.TestNGExecutor.run(TestNGExecutor.java:74)<br />
              org.apache.maven.surefire.testng.TestNGXmlTestSuite.execute(TestNGXmlTestSuite.java:92)<br />
              org.apache.maven.surefire.Surefire.run(Surefire.java:177)<br />
              sun.reflect.NativeMethodAccessorImpl.invoke0(Native Method)<br />
              sun.reflect.NativeMethodAccessorImpl.invoke(NativeMethodAccessorImpl.java:57)<br />
              sun.reflect.DelegatingMethodAccessorImpl.invoke(DelegatingMethodAccessorImpl.java:43)<br />
              java.lang.reflect.Method.invoke(Method.java:601)<br />
              org.apache.maven.surefire.booter.SurefireBooter.runSuitesInProcess(SurefireBooter.java:345)<br />
              org.apache.maven.surefire.booter.SurefireBooter.main(SurefireBooter.java:1009)<br />
                    <b>Caused by: </b> <a href="javascript:toggleElement('exception-1', 'block')" title="Click to expand/collapse">java.lang.NullPointerException</a><br />
        <div class="stackTrace" id="exception-1">
                      java.io.FileInputStream.&lt;init&gt;(FileInputStream.java:134)<br />
                      java.io.FileInputStream.&lt;init&gt;(FileInputStream.java:97)<br />
                      java.io.FileReader.&lt;init&gt;(FileReader.java:58)<br />
                      com.vmware.platform.api.rest.helpers.stats.NimbleDataProvider.&lt;init&gt;(NimbleDataProvider.java:100)<br />
                      com.vmware.platform.api.rest.components.stats.RestTestCase.getDataForApi(RestTestCase.java:134)<br />
                      sun.reflect.NativeMethodAccessorImpl.invoke0(Native Method)<br />
                      sun.reflect.NativeMethodAccessorImpl.invoke(NativeMethodAccessorImpl.java:57)<br />
                      sun.reflect.DelegatingMethodAccessorImpl.invoke(DelegatingMethodAccessorImpl.java:43)<br />
                      java.lang.reflect.Method.invoke(Method.java:601)<br />
                      org.testng.internal.MethodInvocationHelper.invokeMethod(MethodInvocationHelper.java:80)<br />
                      org.testng.internal.MethodInvocationHelper.invokeDataProvider(MethodInvocationHelper.java:122)<br />
                      org.testng.internal.Parameters.handleParameters(Parameters.java:414)<br />
                      org.testng.internal.Invoker.handleParameters(Invoker.java:1358)<br />
                      org.testng.internal.Invoker.createParameters(Invoker.java:1058)<br />
                      org.testng.internal.Invoker.invokeTestMethods(Invoker.java:1160)<br />
                      org.testng.internal.TestMethodWorker.invokeTestMethods(TestMethodWorker.java:127)<br />
                      org.testng.internal.TestMethodWorker.run(TestMethodWorker.java:111)<br />
                      org.testng.TestRunner.privateRun(TestRunner.java:758)<br />
                      org.testng.TestRunner.run(TestRunner.java:613)<br />
                      org.testng.SuiteRunner.runTest(SuiteRunner.java:334)<br />
                      org.testng.SuiteRunner.runSequentially(SuiteRunner.java:329)<br />
                      org.testng.SuiteRunner.privateRun(SuiteRunner.java:291)<br />
                      org.testng.SuiteRunner.run(SuiteRunner.java:240)<br />
                      org.testng.SuiteRunnerWorker.runSuite(SuiteRunnerWorker.java:53)<br />
                      org.testng.SuiteRunnerWorker.run(SuiteRunnerWorker.java:87)<br />
                      org.testng.TestNG.runSuitesSequentially(TestNG.java:1137)<br />
                      org.testng.TestNG.runSuitesLocally(TestNG.java:1062)<br />
                      org.testng.TestNG.run(TestNG.java:974)<br />
                      org.apache.maven.surefire.testng.TestNGExecutor.run(TestNGExecutor.java:74)<br />
                      org.apache.maven.surefire.testng.TestNGXmlTestSuite.execute(TestNGXmlTestSuite.java:92)<br />
                      org.apache.maven.surefire.Surefire.run(Surefire.java:177)<br />
                      sun.reflect.NativeMethodAccessorImpl.invoke0(Native Method)<br />
                      sun.reflect.NativeMethodAccessorImpl.invoke(NativeMethodAccessorImpl.java:57)<br />
                      sun.reflect.DelegatingMethodAccessorImpl.invoke(DelegatingMethodAccessorImpl.java:43)<br />
                      java.lang.reflect.Method.invoke(Method.java:601)<br />
                      org.apache.maven.surefire.booter.SurefireBooter.runSuitesInProcess(SurefireBooter.java:345)<br />
                      org.apache.maven.surefire.booter.SurefireBooter.main(SurefireBooter.java:1009)<br />
                  </div>
          </div>
      </td>
</tr>
<tr>
  <td class="method">
                  createSimpleProblemDefinitionWithSimpleSymptomReference
      </td>
  <td class="duration">
    0.000s
  </td>
  <td class="result">
        
    
        

        <a href="javascript:toggleElement('exception-2', 'block')" title="Click to expand/collapse"><b>java.lang.RuntimeException: java.lang.NullPointerException</b></a><br />
    <div class="stackTrace" id="exception-2">
              org.testng.internal.MethodInvocationHelper.invokeDataProvider(MethodInvocationHelper.java:130)<br />
              org.testng.internal.Parameters.handleParameters(Parameters.java:414)<br />
              org.testng.internal.Invoker.handleParameters(Invoker.java:1358)<br />
              org.testng.internal.Invoker.createParameters(Invoker.java:1058)<br />
              org.testng.internal.Invoker.invokeTestMethods(Invoker.java:1160)<br />
              org.testng.internal.TestMethodWorker.invokeTestMethods(TestMethodWorker.java:127)<br />
              org.testng.internal.TestMethodWorker.run(TestMethodWorker.java:111)<br />
              org.testng.TestRunner.privateRun(TestRunner.java:758)<br />
              org.testng.TestRunner.run(TestRunner.java:613)<br />
              org.testng.SuiteRunner.runTest(SuiteRunner.java:334)<br />
              org.testng.SuiteRunner.runSequentially(SuiteRunner.java:329)<br />
              org.testng.SuiteRunner.privateRun(SuiteRunner.java:291)<br />
              org.testng.SuiteRunner.run(SuiteRunner.java:240)<br />
              org.testng.SuiteRunnerWorker.runSuite(SuiteRunnerWorker.java:53)<br />
              org.testng.SuiteRunnerWorker.run(SuiteRunnerWorker.java:87)<br />
              org.testng.TestNG.runSuitesSequentially(TestNG.java:1137)<br />
              org.testng.TestNG.runSuitesLocally(TestNG.java:1062)<br />
              org.testng.TestNG.run(TestNG.java:974)<br />
              org.apache.maven.surefire.testng.TestNGExecutor.run(TestNGExecutor.java:74)<br />
              org.apache.maven.surefire.testng.TestNGXmlTestSuite.execute(TestNGXmlTestSuite.java:92)<br />
              org.apache.maven.surefire.Surefire.run(Surefire.java:177)<br />
              sun.reflect.NativeMethodAccessorImpl.invoke0(Native Method)<br />
              sun.reflect.NativeMethodAccessorImpl.invoke(NativeMethodAccessorImpl.java:57)<br />
              sun.reflect.DelegatingMethodAccessorImpl.invoke(DelegatingMethodAccessorImpl.java:43)<br />
              java.lang.reflect.Method.invoke(Method.java:601)<br />
              org.apache.maven.surefire.booter.SurefireBooter.runSuitesInProcess(SurefireBooter.java:345)<br />
              org.apache.maven.surefire.booter.SurefireBooter.main(SurefireBooter.java:1009)<br />
                    <b>Caused by: </b> <a href="javascript:toggleElement('exception-3', 'block')" title="Click to expand/collapse">java.lang.NullPointerException</a><br />
        <div class="stackTrace" id="exception-3">
                      java.io.FileInputStream.&lt;init&gt;(FileInputStream.java:134)<br />
                      java.io.FileInputStream.&lt;init&gt;(FileInputStream.java:97)<br />
                      java.io.FileReader.&lt;init&gt;(FileReader.java:58)<br />
                      com.vmware.platform.api.rest.helpers.stats.NimbleDataProvider.&lt;init&gt;(NimbleDataProvider.java:100)<br />
                      com.vmware.platform.api.rest.components.stats.RestTestCase.getDataForApi(RestTestCase.java:134)<br />
                      sun.reflect.NativeMethodAccessorImpl.invoke0(Native Method)<br />
                      sun.reflect.NativeMethodAccessorImpl.invoke(NativeMethodAccessorImpl.java:57)<br />
                      sun.reflect.DelegatingMethodAccessorImpl.invoke(DelegatingMethodAccessorImpl.java:43)<br />
                      java.lang.reflect.Method.invoke(Method.java:601)<br />
                      org.testng.internal.MethodInvocationHelper.invokeMethod(MethodInvocationHelper.java:80)<br />
                      org.testng.internal.MethodInvocationHelper.invokeDataProvider(MethodInvocationHelper.java:122)<br />
                      org.testng.internal.Parameters.handleParameters(Parameters.java:414)<br />
                      org.testng.internal.Invoker.handleParameters(Invoker.java:1358)<br />
                      org.testng.internal.Invoker.createParameters(Invoker.java:1058)<br />
                      org.testng.internal.Invoker.invokeTestMethods(Invoker.java:1160)<br />
                      org.testng.internal.TestMethodWorker.invokeTestMethods(TestMethodWorker.java:127)<br />
                      org.testng.internal.TestMethodWorker.run(TestMethodWorker.java:111)<br />
                      org.testng.TestRunner.privateRun(TestRunner.java:758)<br />
                      org.testng.TestRunner.run(TestRunner.java:613)<br />
                      org.testng.SuiteRunner.runTest(SuiteRunner.java:334)<br />
                      org.testng.SuiteRunner.runSequentially(SuiteRunner.java:329)<br />
                      org.testng.SuiteRunner.privateRun(SuiteRunner.java:291)<br />
                      org.testng.SuiteRunner.run(SuiteRunner.java:240)<br />
                      org.testng.SuiteRunnerWorker.runSuite(SuiteRunnerWorker.java:53)<br />
                      org.testng.SuiteRunnerWorker.run(SuiteRunnerWorker.java:87)<br />
                      org.testng.TestNG.runSuitesSequentially(TestNG.java:1137)<br />
                      org.testng.TestNG.runSuitesLocally(TestNG.java:1062)<br />
                      org.testng.TestNG.run(TestNG.java:974)<br />
                      org.apache.maven.surefire.testng.TestNGExecutor.run(TestNGExecutor.java:74)<br />
                      org.apache.maven.surefire.testng.TestNGXmlTestSuite.execute(TestNGXmlTestSuite.java:92)<br />
                      org.apache.maven.surefire.Surefire.run(Surefire.java:177)<br />
                      sun.reflect.NativeMethodAccessorImpl.invoke0(Native Method)<br />
                      sun.reflect.NativeMethodAccessorImpl.invoke(NativeMethodAccessorImpl.java:57)<br />
                      sun.reflect.DelegatingMethodAccessorImpl.invoke(DelegatingMethodAccessorImpl.java:43)<br />
                      java.lang.reflect.Method.invoke(Method.java:601)<br />
                      org.apache.maven.surefire.booter.SurefireBooter.runSuitesInProcess(SurefireBooter.java:345)<br />
                      org.apache.maven.surefire.booter.SurefireBooter.main(SurefireBooter.java:1009)<br />
                  </div>
          </div>
      </td>
</tr>
<tr>
  <td class="method">
                  deleteExistingProblemCompositeSymptom
      </td>
  <td class="duration">
    0.000s
  </td>
  <td class="result">
        
    
        

        <a href="javascript:toggleElement('exception-4', 'block')" title="Click to expand/collapse"><b>java.lang.RuntimeException: java.lang.NullPointerException</b></a><br />
    <div class="stackTrace" id="exception-4">
              org.testng.internal.MethodInvocationHelper.invokeDataProvider(MethodInvocationHelper.java:130)<br />
              org.testng.internal.Parameters.handleParameters(Parameters.java:414)<br />
              org.testng.internal.Invoker.handleParameters(Invoker.java:1358)<br />
              org.testng.internal.Invoker.createParameters(Invoker.java:1058)<br />
              org.testng.internal.Invoker.invokeTestMethods(Invoker.java:1160)<br />
              org.testng.internal.TestMethodWorker.invokeTestMethods(TestMethodWorker.java:127)<br />
              org.testng.internal.TestMethodWorker.run(TestMethodWorker.java:111)<br />
              org.testng.TestRunner.privateRun(TestRunner.java:758)<br />
              org.testng.TestRunner.run(TestRunner.java:613)<br />
              org.testng.SuiteRunner.runTest(SuiteRunner.java:334)<br />
              org.testng.SuiteRunner.runSequentially(SuiteRunner.java:329)<br />
              org.testng.SuiteRunner.privateRun(SuiteRunner.java:291)<br />
              org.testng.SuiteRunner.run(SuiteRunner.java:240)<br />
              org.testng.SuiteRunnerWorker.runSuite(SuiteRunnerWorker.java:53)<br />
              org.testng.SuiteRunnerWorker.run(SuiteRunnerWorker.java:87)<br />
              org.testng.TestNG.runSuitesSequentially(TestNG.java:1137)<br />
              org.testng.TestNG.runSuitesLocally(TestNG.java:1062)<br />
              org.testng.TestNG.run(TestNG.java:974)<br />
              org.apache.maven.surefire.testng.TestNGExecutor.run(TestNGExecutor.java:74)<br />
              org.apache.maven.surefire.testng.TestNGXmlTestSuite.execute(TestNGXmlTestSuite.java:92)<br />
              org.apache.maven.surefire.Surefire.run(Surefire.java:177)<br />
              sun.reflect.NativeMethodAccessorImpl.invoke0(Native Method)<br />
              sun.reflect.NativeMethodAccessorImpl.invoke(NativeMethodAccessorImpl.java:57)<br />
              sun.reflect.DelegatingMethodAccessorImpl.invoke(DelegatingMethodAccessorImpl.java:43)<br />
              java.lang.reflect.Method.invoke(Method.java:601)<br />
              org.apache.maven.surefire.booter.SurefireBooter.runSuitesInProcess(SurefireBooter.java:345)<br />
              org.apache.maven.surefire.booter.SurefireBooter.main(SurefireBooter.java:1009)<br />
                    <b>Caused by: </b> <a href="javascript:toggleElement('exception-5', 'block')" title="Click to expand/collapse">java.lang.NullPointerException</a><br />
        <div class="stackTrace" id="exception-5">
                      java.io.FileInputStream.&lt;init&gt;(FileInputStream.java:134)<br />
                      java.io.FileInputStream.&lt;init&gt;(FileInputStream.java:97)<br />
                      java.io.FileReader.&lt;init&gt;(FileReader.java:58)<br />
                      com.vmware.platform.api.rest.helpers.stats.NimbleDataProvider.&lt;init&gt;(NimbleDataProvider.java:100)<br />
                      com.vmware.platform.api.rest.components.stats.RestTestCase.getDataForApi(RestTestCase.java:134)<br />
                      sun.reflect.NativeMethodAccessorImpl.invoke0(Native Method)<br />
                      sun.reflect.NativeMethodAccessorImpl.invoke(NativeMethodAccessorImpl.java:57)<br />
                      sun.reflect.DelegatingMethodAccessorImpl.invoke(DelegatingMethodAccessorImpl.java:43)<br />
                      java.lang.reflect.Method.invoke(Method.java:601)<br />
                      org.testng.internal.MethodInvocationHelper.invokeMethod(MethodInvocationHelper.java:80)<br />
                      org.testng.internal.MethodInvocationHelper.invokeDataProvider(MethodInvocationHelper.java:122)<br />
                      org.testng.internal.Parameters.handleParameters(Parameters.java:414)<br />
                      org.testng.internal.Invoker.handleParameters(Invoker.java:1358)<br />
                      org.testng.internal.Invoker.createParameters(Invoker.java:1058)<br />
                      org.testng.internal.Invoker.invokeTestMethods(Invoker.java:1160)<br />
                      org.testng.internal.TestMethodWorker.invokeTestMethods(TestMethodWorker.java:127)<br />
                      org.testng.internal.TestMethodWorker.run(TestMethodWorker.java:111)<br />
                      org.testng.TestRunner.privateRun(TestRunner.java:758)<br />
                      org.testng.TestRunner.run(TestRunner.java:613)<br />
                      org.testng.SuiteRunner.runTest(SuiteRunner.java:334)<br />
                      org.testng.SuiteRunner.runSequentially(SuiteRunner.java:329)<br />
                      org.testng.SuiteRunner.privateRun(SuiteRunner.java:291)<br />
                      org.testng.SuiteRunner.run(SuiteRunner.java:240)<br />
                      org.testng.SuiteRunnerWorker.runSuite(SuiteRunnerWorker.java:53)<br />
                      org.testng.SuiteRunnerWorker.run(SuiteRunnerWorker.java:87)<br />
                      org.testng.TestNG.runSuitesSequentially(TestNG.java:1137)<br />
                      org.testng.TestNG.runSuitesLocally(TestNG.java:1062)<br />
                      org.testng.TestNG.run(TestNG.java:974)<br />
                      org.apache.maven.surefire.testng.TestNGExecutor.run(TestNGExecutor.java:74)<br />
                      org.apache.maven.surefire.testng.TestNGXmlTestSuite.execute(TestNGXmlTestSuite.java:92)<br />
                      org.apache.maven.surefire.Surefire.run(Surefire.java:177)<br />
                      sun.reflect.NativeMethodAccessorImpl.invoke0(Native Method)<br />
                      sun.reflect.NativeMethodAccessorImpl.invoke(NativeMethodAccessorImpl.java:57)<br />
                      sun.reflect.DelegatingMethodAccessorImpl.invoke(DelegatingMethodAccessorImpl.java:43)<br />
                      java.lang.reflect.Method.invoke(Method.java:601)<br />
                      org.apache.maven.surefire.booter.SurefireBooter.runSuitesInProcess(SurefireBooter.java:345)<br />
                      org.apache.maven.surefire.booter.SurefireBooter.main(SurefireBooter.java:1009)<br />
                  </div>
          </div>
      </td>
</tr>
<tr>
  <td class="method">
                  deleteExistingProblemSimpleSymptom
      </td>
  <td class="duration">
    0.000s
  </td>
  <td class="result">
        
    
        

        <a href="javascript:toggleElement('exception-6', 'block')" title="Click to expand/collapse"><b>java.lang.RuntimeException: java.lang.NullPointerException</b></a><br />
    <div class="stackTrace" id="exception-6">
              org.testng.internal.MethodInvocationHelper.invokeDataProvider(MethodInvocationHelper.java:130)<br />
              org.testng.internal.Parameters.handleParameters(Parameters.java:414)<br />
              org.testng.internal.Invoker.handleParameters(Invoker.java:1358)<br />
              org.testng.internal.Invoker.createParameters(Invoker.java:1058)<br />
              org.testng.internal.Invoker.invokeTestMethods(Invoker.java:1160)<br />
              org.testng.internal.TestMethodWorker.invokeTestMethods(TestMethodWorker.java:127)<br />
              org.testng.internal.TestMethodWorker.run(TestMethodWorker.java:111)<br />
              org.testng.TestRunner.privateRun(TestRunner.java:758)<br />
              org.testng.TestRunner.run(TestRunner.java:613)<br />
              org.testng.SuiteRunner.runTest(SuiteRunner.java:334)<br />
              org.testng.SuiteRunner.runSequentially(SuiteRunner.java:329)<br />
              org.testng.SuiteRunner.privateRun(SuiteRunner.java:291)<br />
              org.testng.SuiteRunner.run(SuiteRunner.java:240)<br />
              org.testng.SuiteRunnerWorker.runSuite(SuiteRunnerWorker.java:53)<br />
              org.testng.SuiteRunnerWorker.run(SuiteRunnerWorker.java:87)<br />
              org.testng.TestNG.runSuitesSequentially(TestNG.java:1137)<br />
              org.testng.TestNG.runSuitesLocally(TestNG.java:1062)<br />
              org.testng.TestNG.run(TestNG.java:974)<br />
              org.apache.maven.surefire.testng.TestNGExecutor.run(TestNGExecutor.java:74)<br />
              org.apache.maven.surefire.testng.TestNGXmlTestSuite.execute(TestNGXmlTestSuite.java:92)<br />
              org.apache.maven.surefire.Surefire.run(Surefire.java:177)<br />
              sun.reflect.NativeMethodAccessorImpl.invoke0(Native Method)<br />
              sun.reflect.NativeMethodAccessorImpl.invoke(NativeMethodAccessorImpl.java:57)<br />
              sun.reflect.DelegatingMethodAccessorImpl.invoke(DelegatingMethodAccessorImpl.java:43)<br />
              java.lang.reflect.Method.invoke(Method.java:601)<br />
              org.apache.maven.surefire.booter.SurefireBooter.runSuitesInProcess(SurefireBooter.java:345)<br />
              org.apache.maven.surefire.booter.SurefireBooter.main(SurefireBooter.java:1009)<br />
                    <b>Caused by: </b> <a href="javascript:toggleElement('exception-7', 'block')" title="Click to expand/collapse">java.lang.NullPointerException</a><br />
        <div class="stackTrace" id="exception-7">
                      java.io.FileInputStream.&lt;init&gt;(FileInputStream.java:134)<br />
                      java.io.FileInputStream.&lt;init&gt;(FileInputStream.java:97)<br />
                      java.io.FileReader.&lt;init&gt;(FileReader.java:58)<br />
                      com.vmware.platform.api.rest.helpers.stats.NimbleDataProvider.&lt;init&gt;(NimbleDataProvider.java:100)<br />
                      com.vmware.platform.api.rest.components.stats.RestTestCase.getDataForApi(RestTestCase.java:134)<br />
                      sun.reflect.NativeMethodAccessorImpl.invoke0(Native Method)<br />
                      sun.reflect.NativeMethodAccessorImpl.invoke(NativeMethodAccessorImpl.java:57)<br />
                      sun.reflect.DelegatingMethodAccessorImpl.invoke(DelegatingMethodAccessorImpl.java:43)<br />
                      java.lang.reflect.Method.invoke(Method.java:601)<br />
                      org.testng.internal.MethodInvocationHelper.invokeMethod(MethodInvocationHelper.java:80)<br />
                      org.testng.internal.MethodInvocationHelper.invokeDataProvider(MethodInvocationHelper.java:122)<br />
                      org.testng.internal.Parameters.handleParameters(Parameters.java:414)<br />
                      org.testng.internal.Invoker.handleParameters(Invoker.java:1358)<br />
                      org.testng.internal.Invoker.createParameters(Invoker.java:1058)<br />
                      org.testng.internal.Invoker.invokeTestMethods(Invoker.java:1160)<br />
                      org.testng.internal.TestMethodWorker.invokeTestMethods(TestMethodWorker.java:127)<br />
                      org.testng.internal.TestMethodWorker.run(TestMethodWorker.java:111)<br />
                      org.testng.TestRunner.privateRun(TestRunner.java:758)<br />
                      org.testng.TestRunner.run(TestRunner.java:613)<br />
                      org.testng.SuiteRunner.runTest(SuiteRunner.java:334)<br />
                      org.testng.SuiteRunner.runSequentially(SuiteRunner.java:329)<br />
                      org.testng.SuiteRunner.privateRun(SuiteRunner.java:291)<br />
                      org.testng.SuiteRunner.run(SuiteRunner.java:240)<br />
                      org.testng.SuiteRunnerWorker.runSuite(SuiteRunnerWorker.java:53)<br />
                      org.testng.SuiteRunnerWorker.run(SuiteRunnerWorker.java:87)<br />
                      org.testng.TestNG.runSuitesSequentially(TestNG.java:1137)<br />
                      org.testng.TestNG.runSuitesLocally(TestNG.java:1062)<br />
                      org.testng.TestNG.run(TestNG.java:974)<br />
                      org.apache.maven.surefire.testng.TestNGExecutor.run(TestNGExecutor.java:74)<br />
                      org.apache.maven.surefire.testng.TestNGXmlTestSuite.execute(TestNGXmlTestSuite.java:92)<br />
                      org.apache.maven.surefire.Surefire.run(Surefire.java:177)<br />
                      sun.reflect.NativeMethodAccessorImpl.invoke0(Native Method)<br />
                      sun.reflect.NativeMethodAccessorImpl.invoke(NativeMethodAccessorImpl.java:57)<br />
                      sun.reflect.DelegatingMethodAccessorImpl.invoke(DelegatingMethodAccessorImpl.java:43)<br />
                      java.lang.reflect.Method.invoke(Method.java:601)<br />
                      org.apache.maven.surefire.booter.SurefireBooter.runSuitesInProcess(SurefireBooter.java:345)<br />
                      org.apache.maven.surefire.booter.SurefireBooter.main(SurefireBooter.java:1009)<br />
                  </div>
          </div>
      </td>
</tr>
          <tr>
        <td colspan="3" class="group">com.vmware.vcopsqa.troubleshootingapi.api.tests.rest.components.recommendation.RecommendationTestREST</td>
      </tr>
            
<tr>
  <td class="method">
                  createSimpleRecommendation
      </td>
  <td class="duration">
    0.000s
  </td>
  <td class="result">
        
    
        

        <a href="javascript:toggleElement('exception-8', 'block')" title="Click to expand/collapse"><b>java.lang.RuntimeException: java.lang.NullPointerException</b></a><br />
    <div class="stackTrace" id="exception-8">
              org.testng.internal.MethodInvocationHelper.invokeDataProvider(MethodInvocationHelper.java:130)<br />
              org.testng.internal.Parameters.handleParameters(Parameters.java:414)<br />
              org.testng.internal.Invoker.handleParameters(Invoker.java:1358)<br />
              org.testng.internal.Invoker.createParameters(Invoker.java:1058)<br />
              org.testng.internal.Invoker.invokeTestMethods(Invoker.java:1160)<br />
              org.testng.internal.TestMethodWorker.invokeTestMethods(TestMethodWorker.java:127)<br />
              org.testng.internal.TestMethodWorker.run(TestMethodWorker.java:111)<br />
              org.testng.TestRunner.privateRun(TestRunner.java:758)<br />
              org.testng.TestRunner.run(TestRunner.java:613)<br />
              org.testng.SuiteRunner.runTest(SuiteRunner.java:334)<br />
              org.testng.SuiteRunner.runSequentially(SuiteRunner.java:329)<br />
              org.testng.SuiteRunner.privateRun(SuiteRunner.java:291)<br />
              org.testng.SuiteRunner.run(SuiteRunner.java:240)<br />
              org.testng.SuiteRunnerWorker.runSuite(SuiteRunnerWorker.java:53)<br />
              org.testng.SuiteRunnerWorker.run(SuiteRunnerWorker.java:87)<br />
              org.testng.TestNG.runSuitesSequentially(TestNG.java:1137)<br />
              org.testng.TestNG.runSuitesLocally(TestNG.java:1062)<br />
              org.testng.TestNG.run(TestNG.java:974)<br />
              org.apache.maven.surefire.testng.TestNGExecutor.run(TestNGExecutor.java:74)<br />
              org.apache.maven.surefire.testng.TestNGXmlTestSuite.execute(TestNGXmlTestSuite.java:92)<br />
              org.apache.maven.surefire.Surefire.run(Surefire.java:177)<br />
              sun.reflect.NativeMethodAccessorImpl.invoke0(Native Method)<br />
              sun.reflect.NativeMethodAccessorImpl.invoke(NativeMethodAccessorImpl.java:57)<br />
              sun.reflect.DelegatingMethodAccessorImpl.invoke(DelegatingMethodAccessorImpl.java:43)<br />
              java.lang.reflect.Method.invoke(Method.java:601)<br />
              org.apache.maven.surefire.booter.SurefireBooter.runSuitesInProcess(SurefireBooter.java:345)<br />
              org.apache.maven.surefire.booter.SurefireBooter.main(SurefireBooter.java:1009)<br />
                    <b>Caused by: </b> <a href="javascript:toggleElement('exception-9', 'block')" title="Click to expand/collapse">java.lang.NullPointerException</a><br />
        <div class="stackTrace" id="exception-9">
                      java.io.FileInputStream.&lt;init&gt;(FileInputStream.java:134)<br />
                      java.io.FileInputStream.&lt;init&gt;(FileInputStream.java:97)<br />
                      java.io.FileReader.&lt;init&gt;(FileReader.java:58)<br />
                      com.vmware.platform.api.rest.helpers.stats.NimbleDataProvider.&lt;init&gt;(NimbleDataProvider.java:100)<br />
                      com.vmware.platform.api.rest.components.stats.RestTestCase.getDataForApi(RestTestCase.java:134)<br />
                      sun.reflect.NativeMethodAccessorImpl.invoke0(Native Method)<br />
                      sun.reflect.NativeMethodAccessorImpl.invoke(NativeMethodAccessorImpl.java:57)<br />
                      sun.reflect.DelegatingMethodAccessorImpl.invoke(DelegatingMethodAccessorImpl.java:43)<br />
                      java.lang.reflect.Method.invoke(Method.java:601)<br />
                      org.testng.internal.MethodInvocationHelper.invokeMethod(MethodInvocationHelper.java:80)<br />
                      org.testng.internal.MethodInvocationHelper.invokeDataProvider(MethodInvocationHelper.java:122)<br />
                      org.testng.internal.Parameters.handleParameters(Parameters.java:414)<br />
                      org.testng.internal.Invoker.handleParameters(Invoker.java:1358)<br />
                      org.testng.internal.Invoker.createParameters(Invoker.java:1058)<br />
                      org.testng.internal.Invoker.invokeTestMethods(Invoker.java:1160)<br />
                      org.testng.internal.TestMethodWorker.invokeTestMethods(TestMethodWorker.java:127)<br />
                      org.testng.internal.TestMethodWorker.run(TestMethodWorker.java:111)<br />
                      org.testng.TestRunner.privateRun(TestRunner.java:758)<br />
                      org.testng.TestRunner.run(TestRunner.java:613)<br />
                      org.testng.SuiteRunner.runTest(SuiteRunner.java:334)<br />
                      org.testng.SuiteRunner.runSequentially(SuiteRunner.java:329)<br />
                      org.testng.SuiteRunner.privateRun(SuiteRunner.java:291)<br />
                      org.testng.SuiteRunner.run(SuiteRunner.java:240)<br />
                      org.testng.SuiteRunnerWorker.runSuite(SuiteRunnerWorker.java:53)<br />
                      org.testng.SuiteRunnerWorker.run(SuiteRunnerWorker.java:87)<br />
                      org.testng.TestNG.runSuitesSequentially(TestNG.java:1137)<br />
                      org.testng.TestNG.runSuitesLocally(TestNG.java:1062)<br />
                      org.testng.TestNG.run(TestNG.java:974)<br />
                      org.apache.maven.surefire.testng.TestNGExecutor.run(TestNGExecutor.java:74)<br />
                      org.apache.maven.surefire.testng.TestNGXmlTestSuite.execute(TestNGXmlTestSuite.java:92)<br />
                      org.apache.maven.surefire.Surefire.run(Surefire.java:177)<br />
                      sun.reflect.NativeMethodAccessorImpl.invoke0(Native Method)<br />
                      sun.reflect.NativeMethodAccessorImpl.invoke(NativeMethodAccessorImpl.java:57)<br />
                      sun.reflect.DelegatingMethodAccessorImpl.invoke(DelegatingMethodAccessorImpl.java:43)<br />
                      java.lang.reflect.Method.invoke(Method.java:601)<br />
                      org.apache.maven.surefire.booter.SurefireBooter.runSuitesInProcess(SurefireBooter.java:345)<br />
                      org.apache.maven.surefire.booter.SurefireBooter.main(SurefireBooter.java:1009)<br />
                  </div>
          </div>
      </td>
</tr>
<tr>
  <td class="method">
                  deleteSimpleRecommendationForce
      </td>
  <td class="duration">
    0.000s
  </td>
  <td class="result">
        
    
        

        <a href="javascript:toggleElement('exception-10', 'block')" title="Click to expand/collapse"><b>java.lang.RuntimeException: java.lang.NullPointerException</b></a><br />
    <div class="stackTrace" id="exception-10">
              org.testng.internal.MethodInvocationHelper.invokeDataProvider(MethodInvocationHelper.java:130)<br />
              org.testng.internal.Parameters.handleParameters(Parameters.java:414)<br />
              org.testng.internal.Invoker.handleParameters(Invoker.java:1358)<br />
              org.testng.internal.Invoker.createParameters(Invoker.java:1058)<br />
              org.testng.internal.Invoker.invokeTestMethods(Invoker.java:1160)<br />
              org.testng.internal.TestMethodWorker.invokeTestMethods(TestMethodWorker.java:127)<br />
              org.testng.internal.TestMethodWorker.run(TestMethodWorker.java:111)<br />
              org.testng.TestRunner.privateRun(TestRunner.java:758)<br />
              org.testng.TestRunner.run(TestRunner.java:613)<br />
              org.testng.SuiteRunner.runTest(SuiteRunner.java:334)<br />
              org.testng.SuiteRunner.runSequentially(SuiteRunner.java:329)<br />
              org.testng.SuiteRunner.privateRun(SuiteRunner.java:291)<br />
              org.testng.SuiteRunner.run(SuiteRunner.java:240)<br />
              org.testng.SuiteRunnerWorker.runSuite(SuiteRunnerWorker.java:53)<br />
              org.testng.SuiteRunnerWorker.run(SuiteRunnerWorker.java:87)<br />
              org.testng.TestNG.runSuitesSequentially(TestNG.java:1137)<br />
              org.testng.TestNG.runSuitesLocally(TestNG.java:1062)<br />
              org.testng.TestNG.run(TestNG.java:974)<br />
              org.apache.maven.surefire.testng.TestNGExecutor.run(TestNGExecutor.java:74)<br />
              org.apache.maven.surefire.testng.TestNGXmlTestSuite.execute(TestNGXmlTestSuite.java:92)<br />
              org.apache.maven.surefire.Surefire.run(Surefire.java:177)<br />
              sun.reflect.NativeMethodAccessorImpl.invoke0(Native Method)<br />
              sun.reflect.NativeMethodAccessorImpl.invoke(NativeMethodAccessorImpl.java:57)<br />
              sun.reflect.DelegatingMethodAccessorImpl.invoke(DelegatingMethodAccessorImpl.java:43)<br />
              java.lang.reflect.Method.invoke(Method.java:601)<br />
              org.apache.maven.surefire.booter.SurefireBooter.runSuitesInProcess(SurefireBooter.java:345)<br />
              org.apache.maven.surefire.booter.SurefireBooter.main(SurefireBooter.java:1009)<br />
                    <b>Caused by: </b> <a href="javascript:toggleElement('exception-11', 'block')" title="Click to expand/collapse">java.lang.NullPointerException</a><br />
        <div class="stackTrace" id="exception-11">
                      java.io.FileInputStream.&lt;init&gt;(FileInputStream.java:134)<br />
                      java.io.FileInputStream.&lt;init&gt;(FileInputStream.java:97)<br />
                      java.io.FileReader.&lt;init&gt;(FileReader.java:58)<br />
                      com.vmware.platform.api.rest.helpers.stats.NimbleDataProvider.&lt;init&gt;(NimbleDataProvider.java:100)<br />
                      com.vmware.platform.api.rest.components.stats.RestTestCase.getDataForApi(RestTestCase.java:134)<br />
                      sun.reflect.NativeMethodAccessorImpl.invoke0(Native Method)<br />
                      sun.reflect.NativeMethodAccessorImpl.invoke(NativeMethodAccessorImpl.java:57)<br />
                      sun.reflect.DelegatingMethodAccessorImpl.invoke(DelegatingMethodAccessorImpl.java:43)<br />
                      java.lang.reflect.Method.invoke(Method.java:601)<br />
                      org.testng.internal.MethodInvocationHelper.invokeMethod(MethodInvocationHelper.java:80)<br />
                      org.testng.internal.MethodInvocationHelper.invokeDataProvider(MethodInvocationHelper.java:122)<br />
                      org.testng.internal.Parameters.handleParameters(Parameters.java:414)<br />
                      org.testng.internal.Invoker.handleParameters(Invoker.java:1358)<br />
                      org.testng.internal.Invoker.createParameters(Invoker.java:1058)<br />
                      org.testng.internal.Invoker.invokeTestMethods(Invoker.java:1160)<br />
                      org.testng.internal.TestMethodWorker.invokeTestMethods(TestMethodWorker.java:127)<br />
                      org.testng.internal.TestMethodWorker.run(TestMethodWorker.java:111)<br />
                      org.testng.TestRunner.privateRun(TestRunner.java:758)<br />
                      org.testng.TestRunner.run(TestRunner.java:613)<br />
                      org.testng.SuiteRunner.runTest(SuiteRunner.java:334)<br />
                      org.testng.SuiteRunner.runSequentially(SuiteRunner.java:329)<br />
                      org.testng.SuiteRunner.privateRun(SuiteRunner.java:291)<br />
                      org.testng.SuiteRunner.run(SuiteRunner.java:240)<br />
                      org.testng.SuiteRunnerWorker.runSuite(SuiteRunnerWorker.java:53)<br />
                      org.testng.SuiteRunnerWorker.run(SuiteRunnerWorker.java:87)<br />
                      org.testng.TestNG.runSuitesSequentially(TestNG.java:1137)<br />
                      org.testng.TestNG.runSuitesLocally(TestNG.java:1062)<br />
                      org.testng.TestNG.run(TestNG.java:974)<br />
                      org.apache.maven.surefire.testng.TestNGExecutor.run(TestNGExecutor.java:74)<br />
                      org.apache.maven.surefire.testng.TestNGXmlTestSuite.execute(TestNGXmlTestSuite.java:92)<br />
                      org.apache.maven.surefire.Surefire.run(Surefire.java:177)<br />
                      sun.reflect.NativeMethodAccessorImpl.invoke0(Native Method)<br />
                      sun.reflect.NativeMethodAccessorImpl.invoke(NativeMethodAccessorImpl.java:57)<br />
                      sun.reflect.DelegatingMethodAccessorImpl.invoke(DelegatingMethodAccessorImpl.java:43)<br />
                      java.lang.reflect.Method.invoke(Method.java:601)<br />
                      org.apache.maven.surefire.booter.SurefireBooter.runSuitesInProcess(SurefireBooter.java:345)<br />
                      org.apache.maven.surefire.booter.SurefireBooter.main(SurefireBooter.java:1009)<br />
                  </div>
          </div>
      </td>
</tr>
<tr>
  <td class="method">
                  deleteSimpleRecommendationReferencedByProblemAlertForce
      </td>
  <td class="duration">
    0.000s
  </td>
  <td class="result">
        
    
        

        <a href="javascript:toggleElement('exception-12', 'block')" title="Click to expand/collapse"><b>java.lang.RuntimeException: java.lang.NullPointerException</b></a><br />
    <div class="stackTrace" id="exception-12">
              org.testng.internal.MethodInvocationHelper.invokeDataProvider(MethodInvocationHelper.java:130)<br />
              org.testng.internal.Parameters.handleParameters(Parameters.java:414)<br />
              org.testng.internal.Invoker.handleParameters(Invoker.java:1358)<br />
              org.testng.internal.Invoker.createParameters(Invoker.java:1058)<br />
              org.testng.internal.Invoker.invokeTestMethods(Invoker.java:1160)<br />
              org.testng.internal.TestMethodWorker.invokeTestMethods(TestMethodWorker.java:127)<br />
              org.testng.internal.TestMethodWorker.run(TestMethodWorker.java:111)<br />
              org.testng.TestRunner.privateRun(TestRunner.java:758)<br />
              org.testng.TestRunner.run(TestRunner.java:613)<br />
              org.testng.SuiteRunner.runTest(SuiteRunner.java:334)<br />
              org.testng.SuiteRunner.runSequentially(SuiteRunner.java:329)<br />
              org.testng.SuiteRunner.privateRun(SuiteRunner.java:291)<br />
              org.testng.SuiteRunner.run(SuiteRunner.java:240)<br />
              org.testng.SuiteRunnerWorker.runSuite(SuiteRunnerWorker.java:53)<br />
              org.testng.SuiteRunnerWorker.run(SuiteRunnerWorker.java:87)<br />
              org.testng.TestNG.runSuitesSequentially(TestNG.java:1137)<br />
              org.testng.TestNG.runSuitesLocally(TestNG.java:1062)<br />
              org.testng.TestNG.run(TestNG.java:974)<br />
              org.apache.maven.surefire.testng.TestNGExecutor.run(TestNGExecutor.java:74)<br />
              org.apache.maven.surefire.testng.TestNGXmlTestSuite.execute(TestNGXmlTestSuite.java:92)<br />
              org.apache.maven.surefire.Surefire.run(Surefire.java:177)<br />
              sun.reflect.NativeMethodAccessorImpl.invoke0(Native Method)<br />
              sun.reflect.NativeMethodAccessorImpl.invoke(NativeMethodAccessorImpl.java:57)<br />
              sun.reflect.DelegatingMethodAccessorImpl.invoke(DelegatingMethodAccessorImpl.java:43)<br />
              java.lang.reflect.Method.invoke(Method.java:601)<br />
              org.apache.maven.surefire.booter.SurefireBooter.runSuitesInProcess(SurefireBooter.java:345)<br />
              org.apache.maven.surefire.booter.SurefireBooter.main(SurefireBooter.java:1009)<br />
                    <b>Caused by: </b> <a href="javascript:toggleElement('exception-13', 'block')" title="Click to expand/collapse">java.lang.NullPointerException</a><br />
        <div class="stackTrace" id="exception-13">
                      java.io.FileInputStream.&lt;init&gt;(FileInputStream.java:134)<br />
                      java.io.FileInputStream.&lt;init&gt;(FileInputStream.java:97)<br />
                      java.io.FileReader.&lt;init&gt;(FileReader.java:58)<br />
                      com.vmware.platform.api.rest.helpers.stats.NimbleDataProvider.&lt;init&gt;(NimbleDataProvider.java:100)<br />
                      com.vmware.platform.api.rest.components.stats.RestTestCase.getDataForApi(RestTestCase.java:134)<br />
                      sun.reflect.NativeMethodAccessorImpl.invoke0(Native Method)<br />
                      sun.reflect.NativeMethodAccessorImpl.invoke(NativeMethodAccessorImpl.java:57)<br />
                      sun.reflect.DelegatingMethodAccessorImpl.invoke(DelegatingMethodAccessorImpl.java:43)<br />
                      java.lang.reflect.Method.invoke(Method.java:601)<br />
                      org.testng.internal.MethodInvocationHelper.invokeMethod(MethodInvocationHelper.java:80)<br />
                      org.testng.internal.MethodInvocationHelper.invokeDataProvider(MethodInvocationHelper.java:122)<br />
                      org.testng.internal.Parameters.handleParameters(Parameters.java:414)<br />
                      org.testng.internal.Invoker.handleParameters(Invoker.java:1358)<br />
                      org.testng.internal.Invoker.createParameters(Invoker.java:1058)<br />
                      org.testng.internal.Invoker.invokeTestMethods(Invoker.java:1160)<br />
                      org.testng.internal.TestMethodWorker.invokeTestMethods(TestMethodWorker.java:127)<br />
                      org.testng.internal.TestMethodWorker.run(TestMethodWorker.java:111)<br />
                      org.testng.TestRunner.privateRun(TestRunner.java:758)<br />
                      org.testng.TestRunner.run(TestRunner.java:613)<br />
                      org.testng.SuiteRunner.runTest(SuiteRunner.java:334)<br />
                      org.testng.SuiteRunner.runSequentially(SuiteRunner.java:329)<br />
                      org.testng.SuiteRunner.privateRun(SuiteRunner.java:291)<br />
                      org.testng.SuiteRunner.run(SuiteRunner.java:240)<br />
                      org.testng.SuiteRunnerWorker.runSuite(SuiteRunnerWorker.java:53)<br />
                      org.testng.SuiteRunnerWorker.run(SuiteRunnerWorker.java:87)<br />
                      org.testng.TestNG.runSuitesSequentially(TestNG.java:1137)<br />
                      org.testng.TestNG.runSuitesLocally(TestNG.java:1062)<br />
                      org.testng.TestNG.run(TestNG.java:974)<br />
                      org.apache.maven.surefire.testng.TestNGExecutor.run(TestNGExecutor.java:74)<br />
                      org.apache.maven.surefire.testng.TestNGXmlTestSuite.execute(TestNGXmlTestSuite.java:92)<br />
                      org.apache.maven.surefire.Surefire.run(Surefire.java:177)<br />
                      sun.reflect.NativeMethodAccessorImpl.invoke0(Native Method)<br />
                      sun.reflect.NativeMethodAccessorImpl.invoke(NativeMethodAccessorImpl.java:57)<br />
                      sun.reflect.DelegatingMethodAccessorImpl.invoke(DelegatingMethodAccessorImpl.java:43)<br />
                      java.lang.reflect.Method.invoke(Method.java:601)<br />
                      org.apache.maven.surefire.booter.SurefireBooter.runSuitesInProcess(SurefireBooter.java:345)<br />
                      org.apache.maven.surefire.booter.SurefireBooter.main(SurefireBooter.java:1009)<br />
                  </div>
          </div>
      </td>
</tr>
<tr>
  <td class="method">
                  getAllRecommendation
      </td>
  <td class="duration">
    0.000s
  </td>
  <td class="result">
        
    
        

        <a href="javascript:toggleElement('exception-14', 'block')" title="Click to expand/collapse"><b>java.lang.RuntimeException: java.lang.NullPointerException</b></a><br />
    <div class="stackTrace" id="exception-14">
              org.testng.internal.MethodInvocationHelper.invokeDataProvider(MethodInvocationHelper.java:130)<br />
              org.testng.internal.Parameters.handleParameters(Parameters.java:414)<br />
              org.testng.internal.Invoker.handleParameters(Invoker.java:1358)<br />
              org.testng.internal.Invoker.createParameters(Invoker.java:1058)<br />
              org.testng.internal.Invoker.invokeTestMethods(Invoker.java:1160)<br />
              org.testng.internal.TestMethodWorker.invokeTestMethods(TestMethodWorker.java:127)<br />
              org.testng.internal.TestMethodWorker.run(TestMethodWorker.java:111)<br />
              org.testng.TestRunner.privateRun(TestRunner.java:758)<br />
              org.testng.TestRunner.run(TestRunner.java:613)<br />
              org.testng.SuiteRunner.runTest(SuiteRunner.java:334)<br />
              org.testng.SuiteRunner.runSequentially(SuiteRunner.java:329)<br />
              org.testng.SuiteRunner.privateRun(SuiteRunner.java:291)<br />
              org.testng.SuiteRunner.run(SuiteRunner.java:240)<br />
              org.testng.SuiteRunnerWorker.runSuite(SuiteRunnerWorker.java:53)<br />
              org.testng.SuiteRunnerWorker.run(SuiteRunnerWorker.java:87)<br />
              org.testng.TestNG.runSuitesSequentially(TestNG.java:1137)<br />
              org.testng.TestNG.runSuitesLocally(TestNG.java:1062)<br />
              org.testng.TestNG.run(TestNG.java:974)<br />
              org.apache.maven.surefire.testng.TestNGExecutor.run(TestNGExecutor.java:74)<br />
              org.apache.maven.surefire.testng.TestNGXmlTestSuite.execute(TestNGXmlTestSuite.java:92)<br />
              org.apache.maven.surefire.Surefire.run(Surefire.java:177)<br />
              sun.reflect.NativeMethodAccessorImpl.invoke0(Native Method)<br />
              sun.reflect.NativeMethodAccessorImpl.invoke(NativeMethodAccessorImpl.java:57)<br />
              sun.reflect.DelegatingMethodAccessorImpl.invoke(DelegatingMethodAccessorImpl.java:43)<br />
              java.lang.reflect.Method.invoke(Method.java:601)<br />
              org.apache.maven.surefire.booter.SurefireBooter.runSuitesInProcess(SurefireBooter.java:345)<br />
              org.apache.maven.surefire.booter.SurefireBooter.main(SurefireBooter.java:1009)<br />
                    <b>Caused by: </b> <a href="javascript:toggleElement('exception-15', 'block')" title="Click to expand/collapse">java.lang.NullPointerException</a><br />
        <div class="stackTrace" id="exception-15">
                      java.io.FileInputStream.&lt;init&gt;(FileInputStream.java:134)<br />
                      java.io.FileInputStream.&lt;init&gt;(FileInputStream.java:97)<br />
                      java.io.FileReader.&lt;init&gt;(FileReader.java:58)<br />
                      com.vmware.platform.api.rest.helpers.stats.NimbleDataProvider.&lt;init&gt;(NimbleDataProvider.java:100)<br />
                      com.vmware.platform.api.rest.components.stats.RestTestCase.getDataForApi(RestTestCase.java:134)<br />
                      sun.reflect.NativeMethodAccessorImpl.invoke0(Native Method)<br />
                      sun.reflect.NativeMethodAccessorImpl.invoke(NativeMethodAccessorImpl.java:57)<br />
                      sun.reflect.DelegatingMethodAccessorImpl.invoke(DelegatingMethodAccessorImpl.java:43)<br />
                      java.lang.reflect.Method.invoke(Method.java:601)<br />
                      org.testng.internal.MethodInvocationHelper.invokeMethod(MethodInvocationHelper.java:80)<br />
                      org.testng.internal.MethodInvocationHelper.invokeDataProvider(MethodInvocationHelper.java:122)<br />
                      org.testng.internal.Parameters.handleParameters(Parameters.java:414)<br />
                      org.testng.internal.Invoker.handleParameters(Invoker.java:1358)<br />
                      org.testng.internal.Invoker.createParameters(Invoker.java:1058)<br />
                      org.testng.internal.Invoker.invokeTestMethods(Invoker.java:1160)<br />
                      org.testng.internal.TestMethodWorker.invokeTestMethods(TestMethodWorker.java:127)<br />
                      org.testng.internal.TestMethodWorker.run(TestMethodWorker.java:111)<br />
                      org.testng.TestRunner.privateRun(TestRunner.java:758)<br />
                      org.testng.TestRunner.run(TestRunner.java:613)<br />
                      org.testng.SuiteRunner.runTest(SuiteRunner.java:334)<br />
                      org.testng.SuiteRunner.runSequentially(SuiteRunner.java:329)<br />
                      org.testng.SuiteRunner.privateRun(SuiteRunner.java:291)<br />
                      org.testng.SuiteRunner.run(SuiteRunner.java:240)<br />
                      org.testng.SuiteRunnerWorker.runSuite(SuiteRunnerWorker.java:53)<br />
                      org.testng.SuiteRunnerWorker.run(SuiteRunnerWorker.java:87)<br />
                      org.testng.TestNG.runSuitesSequentially(TestNG.java:1137)<br />
                      org.testng.TestNG.runSuitesLocally(TestNG.java:1062)<br />
                      org.testng.TestNG.run(TestNG.java:974)<br />
                      org.apache.maven.surefire.testng.TestNGExecutor.run(TestNGExecutor.java:74)<br />
                      org.apache.maven.surefire.testng.TestNGXmlTestSuite.execute(TestNGXmlTestSuite.java:92)<br />
                      org.apache.maven.surefire.Surefire.run(Surefire.java:177)<br />
                      sun.reflect.NativeMethodAccessorImpl.invoke0(Native Method)<br />
                      sun.reflect.NativeMethodAccessorImpl.invoke(NativeMethodAccessorImpl.java:57)<br />
                      sun.reflect.DelegatingMethodAccessorImpl.invoke(DelegatingMethodAccessorImpl.java:43)<br />
                      java.lang.reflect.Method.invoke(Method.java:601)<br />
                      org.apache.maven.surefire.booter.SurefireBooter.runSuitesInProcess(SurefireBooter.java:345)<br />
                      org.apache.maven.surefire.booter.SurefireBooter.main(SurefireBooter.java:1009)<br />
                  </div>
          </div>
      </td>
</tr>
<tr>
  <td class="method">
                  getSimpleRecommendation
      </td>
  <td class="duration">
    0.000s
  </td>
  <td class="result">
        
    
        

        <a href="javascript:toggleElement('exception-16', 'block')" title="Click to expand/collapse"><b>java.lang.RuntimeException: java.lang.NullPointerException</b></a><br />
    <div class="stackTrace" id="exception-16">
              org.testng.internal.MethodInvocationHelper.invokeDataProvider(MethodInvocationHelper.java:130)<br />
              org.testng.internal.Parameters.handleParameters(Parameters.java:414)<br />
              org.testng.internal.Invoker.handleParameters(Invoker.java:1358)<br />
              org.testng.internal.Invoker.createParameters(Invoker.java:1058)<br />
              org.testng.internal.Invoker.invokeTestMethods(Invoker.java:1160)<br />
              org.testng.internal.TestMethodWorker.invokeTestMethods(TestMethodWorker.java:127)<br />
              org.testng.internal.TestMethodWorker.run(TestMethodWorker.java:111)<br />
              org.testng.TestRunner.privateRun(TestRunner.java:758)<br />
              org.testng.TestRunner.run(TestRunner.java:613)<br />
              org.testng.SuiteRunner.runTest(SuiteRunner.java:334)<br />
              org.testng.SuiteRunner.runSequentially(SuiteRunner.java:329)<br />
              org.testng.SuiteRunner.privateRun(SuiteRunner.java:291)<br />
              org.testng.SuiteRunner.run(SuiteRunner.java:240)<br />
              org.testng.SuiteRunnerWorker.runSuite(SuiteRunnerWorker.java:53)<br />
              org.testng.SuiteRunnerWorker.run(SuiteRunnerWorker.java:87)<br />
              org.testng.TestNG.runSuitesSequentially(TestNG.java:1137)<br />
              org.testng.TestNG.runSuitesLocally(TestNG.java:1062)<br />
              org.testng.TestNG.run(TestNG.java:974)<br />
              org.apache.maven.surefire.testng.TestNGExecutor.run(TestNGExecutor.java:74)<br />
              org.apache.maven.surefire.testng.TestNGXmlTestSuite.execute(TestNGXmlTestSuite.java:92)<br />
              org.apache.maven.surefire.Surefire.run(Surefire.java:177)<br />
              sun.reflect.NativeMethodAccessorImpl.invoke0(Native Method)<br />
              sun.reflect.NativeMethodAccessorImpl.invoke(NativeMethodAccessorImpl.java:57)<br />
              sun.reflect.DelegatingMethodAccessorImpl.invoke(DelegatingMethodAccessorImpl.java:43)<br />
              java.lang.reflect.Method.invoke(Method.java:601)<br />
              org.apache.maven.surefire.booter.SurefireBooter.runSuitesInProcess(SurefireBooter.java:345)<br />
              org.apache.maven.surefire.booter.SurefireBooter.main(SurefireBooter.java:1009)<br />
                    <b>Caused by: </b> <a href="javascript:toggleElement('exception-17', 'block')" title="Click to expand/collapse">java.lang.NullPointerException</a><br />
        <div class="stackTrace" id="exception-17">
                      java.io.FileInputStream.&lt;init&gt;(FileInputStream.java:134)<br />
                      java.io.FileInputStream.&lt;init&gt;(FileInputStream.java:97)<br />
                      java.io.FileReader.&lt;init&gt;(FileReader.java:58)<br />
                      com.vmware.platform.api.rest.helpers.stats.NimbleDataProvider.&lt;init&gt;(NimbleDataProvider.java:100)<br />
                      com.vmware.platform.api.rest.components.stats.RestTestCase.getDataForApi(RestTestCase.java:134)<br />
                      sun.reflect.NativeMethodAccessorImpl.invoke0(Native Method)<br />
                      sun.reflect.NativeMethodAccessorImpl.invoke(NativeMethodAccessorImpl.java:57)<br />
                      sun.reflect.DelegatingMethodAccessorImpl.invoke(DelegatingMethodAccessorImpl.java:43)<br />
                      java.lang.reflect.Method.invoke(Method.java:601)<br />
                      org.testng.internal.MethodInvocationHelper.invokeMethod(MethodInvocationHelper.java:80)<br />
                      org.testng.internal.MethodInvocationHelper.invokeDataProvider(MethodInvocationHelper.java:122)<br />
                      org.testng.internal.Parameters.handleParameters(Parameters.java:414)<br />
                      org.testng.internal.Invoker.handleParameters(Invoker.java:1358)<br />
                      org.testng.internal.Invoker.createParameters(Invoker.java:1058)<br />
                      org.testng.internal.Invoker.invokeTestMethods(Invoker.java:1160)<br />
                      org.testng.internal.TestMethodWorker.invokeTestMethods(TestMethodWorker.java:127)<br />
                      org.testng.internal.TestMethodWorker.run(TestMethodWorker.java:111)<br />
                      org.testng.TestRunner.privateRun(TestRunner.java:758)<br />
                      org.testng.TestRunner.run(TestRunner.java:613)<br />
                      org.testng.SuiteRunner.runTest(SuiteRunner.java:334)<br />
                      org.testng.SuiteRunner.runSequentially(SuiteRunner.java:329)<br />
                      org.testng.SuiteRunner.privateRun(SuiteRunner.java:291)<br />
                      org.testng.SuiteRunner.run(SuiteRunner.java:240)<br />
                      org.testng.SuiteRunnerWorker.runSuite(SuiteRunnerWorker.java:53)<br />
                      org.testng.SuiteRunnerWorker.run(SuiteRunnerWorker.java:87)<br />
                      org.testng.TestNG.runSuitesSequentially(TestNG.java:1137)<br />
                      org.testng.TestNG.runSuitesLocally(TestNG.java:1062)<br />
                      org.testng.TestNG.run(TestNG.java:974)<br />
                      org.apache.maven.surefire.testng.TestNGExecutor.run(TestNGExecutor.java:74)<br />
                      org.apache.maven.surefire.testng.TestNGXmlTestSuite.execute(TestNGXmlTestSuite.java:92)<br />
                      org.apache.maven.surefire.Surefire.run(Surefire.java:177)<br />
                      sun.reflect.NativeMethodAccessorImpl.invoke0(Native Method)<br />
                      sun.reflect.NativeMethodAccessorImpl.invoke(NativeMethodAccessorImpl.java:57)<br />
                      sun.reflect.DelegatingMethodAccessorImpl.invoke(DelegatingMethodAccessorImpl.java:43)<br />
                      java.lang.reflect.Method.invoke(Method.java:601)<br />
                      org.apache.maven.surefire.booter.SurefireBooter.runSuitesInProcess(SurefireBooter.java:345)<br />
                      org.apache.maven.surefire.booter.SurefireBooter.main(SurefireBooter.java:1009)<br />
                  </div>
          </div>
      </td>
</tr>
<tr>
  <td class="method">
                  negative_delete_non_existent_Recommendation
      </td>
  <td class="duration">
    0.000s
  </td>
  <td class="result">
        
    
        

        <a href="javascript:toggleElement('exception-18', 'block')" title="Click to expand/collapse"><b>java.lang.RuntimeException: java.lang.NullPointerException</b></a><br />
    <div class="stackTrace" id="exception-18">
              org.testng.internal.MethodInvocationHelper.invokeDataProvider(MethodInvocationHelper.java:130)<br />
              org.testng.internal.Parameters.handleParameters(Parameters.java:414)<br />
              org.testng.internal.Invoker.handleParameters(Invoker.java:1358)<br />
              org.testng.internal.Invoker.createParameters(Invoker.java:1058)<br />
              org.testng.internal.Invoker.invokeTestMethods(Invoker.java:1160)<br />
              org.testng.internal.TestMethodWorker.invokeTestMethods(TestMethodWorker.java:127)<br />
              org.testng.internal.TestMethodWorker.run(TestMethodWorker.java:111)<br />
              org.testng.TestRunner.privateRun(TestRunner.java:758)<br />
              org.testng.TestRunner.run(TestRunner.java:613)<br />
              org.testng.SuiteRunner.runTest(SuiteRunner.java:334)<br />
              org.testng.SuiteRunner.runSequentially(SuiteRunner.java:329)<br />
              org.testng.SuiteRunner.privateRun(SuiteRunner.java:291)<br />
              org.testng.SuiteRunner.run(SuiteRunner.java:240)<br />
              org.testng.SuiteRunnerWorker.runSuite(SuiteRunnerWorker.java:53)<br />
              org.testng.SuiteRunnerWorker.run(SuiteRunnerWorker.java:87)<br />
              org.testng.TestNG.runSuitesSequentially(TestNG.java:1137)<br />
              org.testng.TestNG.runSuitesLocally(TestNG.java:1062)<br />
              org.testng.TestNG.run(TestNG.java:974)<br />
              org.apache.maven.surefire.testng.TestNGExecutor.run(TestNGExecutor.java:74)<br />
              org.apache.maven.surefire.testng.TestNGXmlTestSuite.execute(TestNGXmlTestSuite.java:92)<br />
              org.apache.maven.surefire.Surefire.run(Surefire.java:177)<br />
              sun.reflect.NativeMethodAccessorImpl.invoke0(Native Method)<br />
              sun.reflect.NativeMethodAccessorImpl.invoke(NativeMethodAccessorImpl.java:57)<br />
              sun.reflect.DelegatingMethodAccessorImpl.invoke(DelegatingMethodAccessorImpl.java:43)<br />
              java.lang.reflect.Method.invoke(Method.java:601)<br />
              org.apache.maven.surefire.booter.SurefireBooter.runSuitesInProcess(SurefireBooter.java:345)<br />
              org.apache.maven.surefire.booter.SurefireBooter.main(SurefireBooter.java:1009)<br />
                    <b>Caused by: </b> <a href="javascript:toggleElement('exception-19', 'block')" title="Click to expand/collapse">java.lang.NullPointerException</a><br />
        <div class="stackTrace" id="exception-19">
                      java.io.FileInputStream.&lt;init&gt;(FileInputStream.java:134)<br />
                      java.io.FileInputStream.&lt;init&gt;(FileInputStream.java:97)<br />
                      java.io.FileReader.&lt;init&gt;(FileReader.java:58)<br />
                      com.vmware.platform.api.rest.helpers.stats.NimbleDataProvider.&lt;init&gt;(NimbleDataProvider.java:100)<br />
                      com.vmware.platform.api.rest.components.stats.RestTestCase.getDataForApi(RestTestCase.java:134)<br />
                      sun.reflect.NativeMethodAccessorImpl.invoke0(Native Method)<br />
                      sun.reflect.NativeMethodAccessorImpl.invoke(NativeMethodAccessorImpl.java:57)<br />
                      sun.reflect.DelegatingMethodAccessorImpl.invoke(DelegatingMethodAccessorImpl.java:43)<br />
                      java.lang.reflect.Method.invoke(Method.java:601)<br />
                      org.testng.internal.MethodInvocationHelper.invokeMethod(MethodInvocationHelper.java:80)<br />
                      org.testng.internal.MethodInvocationHelper.invokeDataProvider(MethodInvocationHelper.java:122)<br />
                      org.testng.internal.Parameters.handleParameters(Parameters.java:414)<br />
                      org.testng.internal.Invoker.handleParameters(Invoker.java:1358)<br />
                      org.testng.internal.Invoker.createParameters(Invoker.java:1058)<br />
                      org.testng.internal.Invoker.invokeTestMethods(Invoker.java:1160)<br />
                      org.testng.internal.TestMethodWorker.invokeTestMethods(TestMethodWorker.java:127)<br />
                      org.testng.internal.TestMethodWorker.run(TestMethodWorker.java:111)<br />
                      org.testng.TestRunner.privateRun(TestRunner.java:758)<br />
                      org.testng.TestRunner.run(TestRunner.java:613)<br />
                      org.testng.SuiteRunner.runTest(SuiteRunner.java:334)<br />
                      org.testng.SuiteRunner.runSequentially(SuiteRunner.java:329)<br />
                      org.testng.SuiteRunner.privateRun(SuiteRunner.java:291)<br />
                      org.testng.SuiteRunner.run(SuiteRunner.java:240)<br />
                      org.testng.SuiteRunnerWorker.runSuite(SuiteRunnerWorker.java:53)<br />
                      org.testng.SuiteRunnerWorker.run(SuiteRunnerWorker.java:87)<br />
                      org.testng.TestNG.runSuitesSequentially(TestNG.java:1137)<br />
                      org.testng.TestNG.runSuitesLocally(TestNG.java:1062)<br />
                      org.testng.TestNG.run(TestNG.java:974)<br />
                      org.apache.maven.surefire.testng.TestNGExecutor.run(TestNGExecutor.java:74)<br />
                      org.apache.maven.surefire.testng.TestNGXmlTestSuite.execute(TestNGXmlTestSuite.java:92)<br />
                      org.apache.maven.surefire.Surefire.run(Surefire.java:177)<br />
                      sun.reflect.NativeMethodAccessorImpl.invoke0(Native Method)<br />
                      sun.reflect.NativeMethodAccessorImpl.invoke(NativeMethodAccessorImpl.java:57)<br />
                      sun.reflect.DelegatingMethodAccessorImpl.invoke(DelegatingMethodAccessorImpl.java:43)<br />
                      java.lang.reflect.Method.invoke(Method.java:601)<br />
                      org.apache.maven.surefire.booter.SurefireBooter.runSuitesInProcess(SurefireBooter.java:345)<br />
                      org.apache.maven.surefire.booter.SurefireBooter.main(SurefireBooter.java:1009)<br />
                  </div>
          </div>
      </td>
</tr>
<tr>
  <td class="method">
                  negative_update_ID_of_Recommendation
      </td>
  <td class="duration">
    0.000s
  </td>
  <td class="result">
        
    
        

        <a href="javascript:toggleElement('exception-20', 'block')" title="Click to expand/collapse"><b>java.lang.RuntimeException: java.lang.NullPointerException</b></a><br />
    <div class="stackTrace" id="exception-20">
              org.testng.internal.MethodInvocationHelper.invokeDataProvider(MethodInvocationHelper.java:130)<br />
              org.testng.internal.Parameters.handleParameters(Parameters.java:414)<br />
              org.testng.internal.Invoker.handleParameters(Invoker.java:1358)<br />
              org.testng.internal.Invoker.createParameters(Invoker.java:1058)<br />
              org.testng.internal.Invoker.invokeTestMethods(Invoker.java:1160)<br />
              org.testng.internal.TestMethodWorker.invokeTestMethods(TestMethodWorker.java:127)<br />
              org.testng.internal.TestMethodWorker.run(TestMethodWorker.java:111)<br />
              org.testng.TestRunner.privateRun(TestRunner.java:758)<br />
              org.testng.TestRunner.run(TestRunner.java:613)<br />
              org.testng.SuiteRunner.runTest(SuiteRunner.java:334)<br />
              org.testng.SuiteRunner.runSequentially(SuiteRunner.java:329)<br />
              org.testng.SuiteRunner.privateRun(SuiteRunner.java:291)<br />
              org.testng.SuiteRunner.run(SuiteRunner.java:240)<br />
              org.testng.SuiteRunnerWorker.runSuite(SuiteRunnerWorker.java:53)<br />
              org.testng.SuiteRunnerWorker.run(SuiteRunnerWorker.java:87)<br />
              org.testng.TestNG.runSuitesSequentially(TestNG.java:1137)<br />
              org.testng.TestNG.runSuitesLocally(TestNG.java:1062)<br />
              org.testng.TestNG.run(TestNG.java:974)<br />
              org.apache.maven.surefire.testng.TestNGExecutor.run(TestNGExecutor.java:74)<br />
              org.apache.maven.surefire.testng.TestNGXmlTestSuite.execute(TestNGXmlTestSuite.java:92)<br />
              org.apache.maven.surefire.Surefire.run(Surefire.java:177)<br />
              sun.reflect.NativeMethodAccessorImpl.invoke0(Native Method)<br />
              sun.reflect.NativeMethodAccessorImpl.invoke(NativeMethodAccessorImpl.java:57)<br />
              sun.reflect.DelegatingMethodAccessorImpl.invoke(DelegatingMethodAccessorImpl.java:43)<br />
              java.lang.reflect.Method.invoke(Method.java:601)<br />
              org.apache.maven.surefire.booter.SurefireBooter.runSuitesInProcess(SurefireBooter.java:345)<br />
              org.apache.maven.surefire.booter.SurefireBooter.main(SurefireBooter.java:1009)<br />
                    <b>Caused by: </b> <a href="javascript:toggleElement('exception-21', 'block')" title="Click to expand/collapse">java.lang.NullPointerException</a><br />
        <div class="stackTrace" id="exception-21">
                      java.io.FileInputStream.&lt;init&gt;(FileInputStream.java:134)<br />
                      java.io.FileInputStream.&lt;init&gt;(FileInputStream.java:97)<br />
                      java.io.FileReader.&lt;init&gt;(FileReader.java:58)<br />
                      com.vmware.platform.api.rest.helpers.stats.NimbleDataProvider.&lt;init&gt;(NimbleDataProvider.java:100)<br />
                      com.vmware.platform.api.rest.components.stats.RestTestCase.getDataForApi(RestTestCase.java:134)<br />
                      sun.reflect.NativeMethodAccessorImpl.invoke0(Native Method)<br />
                      sun.reflect.NativeMethodAccessorImpl.invoke(NativeMethodAccessorImpl.java:57)<br />
                      sun.reflect.DelegatingMethodAccessorImpl.invoke(DelegatingMethodAccessorImpl.java:43)<br />
                      java.lang.reflect.Method.invoke(Method.java:601)<br />
                      org.testng.internal.MethodInvocationHelper.invokeMethod(MethodInvocationHelper.java:80)<br />
                      org.testng.internal.MethodInvocationHelper.invokeDataProvider(MethodInvocationHelper.java:122)<br />
                      org.testng.internal.Parameters.handleParameters(Parameters.java:414)<br />
                      org.testng.internal.Invoker.handleParameters(Invoker.java:1358)<br />
                      org.testng.internal.Invoker.createParameters(Invoker.java:1058)<br />
                      org.testng.internal.Invoker.invokeTestMethods(Invoker.java:1160)<br />
                      org.testng.internal.TestMethodWorker.invokeTestMethods(TestMethodWorker.java:127)<br />
                      org.testng.internal.TestMethodWorker.run(TestMethodWorker.java:111)<br />
                      org.testng.TestRunner.privateRun(TestRunner.java:758)<br />
                      org.testng.TestRunner.run(TestRunner.java:613)<br />
                      org.testng.SuiteRunner.runTest(SuiteRunner.java:334)<br />
                      org.testng.SuiteRunner.runSequentially(SuiteRunner.java:329)<br />
                      org.testng.SuiteRunner.privateRun(SuiteRunner.java:291)<br />
                      org.testng.SuiteRunner.run(SuiteRunner.java:240)<br />
                      org.testng.SuiteRunnerWorker.runSuite(SuiteRunnerWorker.java:53)<br />
                      org.testng.SuiteRunnerWorker.run(SuiteRunnerWorker.java:87)<br />
                      org.testng.TestNG.runSuitesSequentially(TestNG.java:1137)<br />
                      org.testng.TestNG.runSuitesLocally(TestNG.java:1062)<br />
                      org.testng.TestNG.run(TestNG.java:974)<br />
                      org.apache.maven.surefire.testng.TestNGExecutor.run(TestNGExecutor.java:74)<br />
                      org.apache.maven.surefire.testng.TestNGXmlTestSuite.execute(TestNGXmlTestSuite.java:92)<br />
                      org.apache.maven.surefire.Surefire.run(Surefire.java:177)<br />
                      sun.reflect.NativeMethodAccessorImpl.invoke0(Native Method)<br />
                      sun.reflect.NativeMethodAccessorImpl.invoke(NativeMethodAccessorImpl.java:57)<br />
                      sun.reflect.DelegatingMethodAccessorImpl.invoke(DelegatingMethodAccessorImpl.java:43)<br />
                      java.lang.reflect.Method.invoke(Method.java:601)<br />
                      org.apache.maven.surefire.booter.SurefireBooter.runSuitesInProcess(SurefireBooter.java:345)<br />
                      org.apache.maven.surefire.booter.SurefireBooter.main(SurefireBooter.java:1009)<br />
                  </div>
          </div>
      </td>
</tr>
<tr>
  <td class="method">
                  update_Recommendation_REST
      </td>
  <td class="duration">
    0.000s
  </td>
  <td class="result">
        
    
        

        <a href="javascript:toggleElement('exception-22', 'block')" title="Click to expand/collapse"><b>java.lang.RuntimeException: java.lang.NullPointerException</b></a><br />
    <div class="stackTrace" id="exception-22">
              org.testng.internal.MethodInvocationHelper.invokeDataProvider(MethodInvocationHelper.java:130)<br />
              org.testng.internal.Parameters.handleParameters(Parameters.java:414)<br />
              org.testng.internal.Invoker.handleParameters(Invoker.java:1358)<br />
              org.testng.internal.Invoker.createParameters(Invoker.java:1058)<br />
              org.testng.internal.Invoker.invokeTestMethods(Invoker.java:1160)<br />
              org.testng.internal.TestMethodWorker.invokeTestMethods(TestMethodWorker.java:127)<br />
              org.testng.internal.TestMethodWorker.run(TestMethodWorker.java:111)<br />
              org.testng.TestRunner.privateRun(TestRunner.java:758)<br />
              org.testng.TestRunner.run(TestRunner.java:613)<br />
              org.testng.SuiteRunner.runTest(SuiteRunner.java:334)<br />
              org.testng.SuiteRunner.runSequentially(SuiteRunner.java:329)<br />
              org.testng.SuiteRunner.privateRun(SuiteRunner.java:291)<br />
              org.testng.SuiteRunner.run(SuiteRunner.java:240)<br />
              org.testng.SuiteRunnerWorker.runSuite(SuiteRunnerWorker.java:53)<br />
              org.testng.SuiteRunnerWorker.run(SuiteRunnerWorker.java:87)<br />
              org.testng.TestNG.runSuitesSequentially(TestNG.java:1137)<br />
              org.testng.TestNG.runSuitesLocally(TestNG.java:1062)<br />
              org.testng.TestNG.run(TestNG.java:974)<br />
              org.apache.maven.surefire.testng.TestNGExecutor.run(TestNGExecutor.java:74)<br />
              org.apache.maven.surefire.testng.TestNGXmlTestSuite.execute(TestNGXmlTestSuite.java:92)<br />
              org.apache.maven.surefire.Surefire.run(Surefire.java:177)<br />
              sun.reflect.NativeMethodAccessorImpl.invoke0(Native Method)<br />
              sun.reflect.NativeMethodAccessorImpl.invoke(NativeMethodAccessorImpl.java:57)<br />
              sun.reflect.DelegatingMethodAccessorImpl.invoke(DelegatingMethodAccessorImpl.java:43)<br />
              java.lang.reflect.Method.invoke(Method.java:601)<br />
              org.apache.maven.surefire.booter.SurefireBooter.runSuitesInProcess(SurefireBooter.java:345)<br />
              org.apache.maven.surefire.booter.SurefireBooter.main(SurefireBooter.java:1009)<br />
                    <b>Caused by: </b> <a href="javascript:toggleElement('exception-23', 'block')" title="Click to expand/collapse">java.lang.NullPointerException</a><br />
        <div class="stackTrace" id="exception-23">
                      java.io.FileInputStream.&lt;init&gt;(FileInputStream.java:134)<br />
                      java.io.FileInputStream.&lt;init&gt;(FileInputStream.java:97)<br />
                      java.io.FileReader.&lt;init&gt;(FileReader.java:58)<br />
                      com.vmware.platform.api.rest.helpers.stats.NimbleDataProvider.&lt;init&gt;(NimbleDataProvider.java:100)<br />
                      com.vmware.platform.api.rest.components.stats.RestTestCase.getDataForApi(RestTestCase.java:134)<br />
                      sun.reflect.NativeMethodAccessorImpl.invoke0(Native Method)<br />
                      sun.reflect.NativeMethodAccessorImpl.invoke(NativeMethodAccessorImpl.java:57)<br />
                      sun.reflect.DelegatingMethodAccessorImpl.invoke(DelegatingMethodAccessorImpl.java:43)<br />
                      java.lang.reflect.Method.invoke(Method.java:601)<br />
                      org.testng.internal.MethodInvocationHelper.invokeMethod(MethodInvocationHelper.java:80)<br />
                      org.testng.internal.MethodInvocationHelper.invokeDataProvider(MethodInvocationHelper.java:122)<br />
                      org.testng.internal.Parameters.handleParameters(Parameters.java:414)<br />
                      org.testng.internal.Invoker.handleParameters(Invoker.java:1358)<br />
                      org.testng.internal.Invoker.createParameters(Invoker.java:1058)<br />
                      org.testng.internal.Invoker.invokeTestMethods(Invoker.java:1160)<br />
                      org.testng.internal.TestMethodWorker.invokeTestMethods(TestMethodWorker.java:127)<br />
                      org.testng.internal.TestMethodWorker.run(TestMethodWorker.java:111)<br />
                      org.testng.TestRunner.privateRun(TestRunner.java:758)<br />
                      org.testng.TestRunner.run(TestRunner.java:613)<br />
                      org.testng.SuiteRunner.runTest(SuiteRunner.java:334)<br />
                      org.testng.SuiteRunner.runSequentially(SuiteRunner.java:329)<br />
                      org.testng.SuiteRunner.privateRun(SuiteRunner.java:291)<br />
                      org.testng.SuiteRunner.run(SuiteRunner.java:240)<br />
                      org.testng.SuiteRunnerWorker.runSuite(SuiteRunnerWorker.java:53)<br />
                      org.testng.SuiteRunnerWorker.run(SuiteRunnerWorker.java:87)<br />
                      org.testng.TestNG.runSuitesSequentially(TestNG.java:1137)<br />
                      org.testng.TestNG.runSuitesLocally(TestNG.java:1062)<br />
                      org.testng.TestNG.run(TestNG.java:974)<br />
                      org.apache.maven.surefire.testng.TestNGExecutor.run(TestNGExecutor.java:74)<br />
                      org.apache.maven.surefire.testng.TestNGXmlTestSuite.execute(TestNGXmlTestSuite.java:92)<br />
                      org.apache.maven.surefire.Surefire.run(Surefire.java:177)<br />
                      sun.reflect.NativeMethodAccessorImpl.invoke0(Native Method)<br />
                      sun.reflect.NativeMethodAccessorImpl.invoke(NativeMethodAccessorImpl.java:57)<br />
                      sun.reflect.DelegatingMethodAccessorImpl.invoke(DelegatingMethodAccessorImpl.java:43)<br />
                      java.lang.reflect.Method.invoke(Method.java:601)<br />
                      org.apache.maven.surefire.booter.SurefireBooter.runSuitesInProcess(SurefireBooter.java:345)<br />
                      org.apache.maven.surefire.booter.SurefireBooter.main(SurefireBooter.java:1009)<br />
                  </div>
          </div>
      </td>
</tr>
      </table>

  <table class="resultsTable" width="100%">
    <tr><th colspan="3" class="header skipped">Skipped Tests</th></tr>
          <tr>
        <td colspan="3" class="group">com.vmware.vcopsqa.troubleshootingapi.api.tests.rest.components.alert.AlertsReadOperationsReST</td>
      </tr>
            
<tr>
  <td class="method">
                  test_Get_Alert_By_Existing_Id
      </td>
  <td class="duration">
    0.000s
  </td>
  <td class="result">
                         
          <i>Method arguments: </i><span class="arguments">null</span><br />
    
        

      </td>
</tr>
<tr>
  <td class="method">
                  test_Get_Alerts_By_One_Existing_Id
      </td>
  <td class="duration">
    0.000s
  </td>
  <td class="result">
                         
          <i>Method arguments: </i><span class="arguments">null</span><br />
    
        

      </td>
</tr>
<tr>
  <td class="method">
                  test_Get_Alerts_By_One_Not_Existing_Id
      </td>
  <td class="duration">
    0.000s
  </td>
  <td class="result">
                         
    
        

      </td>
</tr>
<tr>
  <td class="method">
                  test_Get_Alerts_By_Two_Existing_Ids
      </td>
  <td class="duration">
    0.000s
  </td>
  <td class="result">
                         
          <i>Method arguments: </i><span class="arguments">null</span><br />
    
        

      </td>
</tr>
<tr>
  <td class="method">
                  test_Get_Alerts_By_Two_Ids_Existing_And_Not_Existing
      </td>
  <td class="duration">
    0.000s
  </td>
  <td class="result">
                         
          <i>Method arguments: </i><span class="arguments">null</span><br />
    
        

      </td>
</tr>
<tr>
  <td class="method">
                  test_Get_Alerts_Negative_By_One_Empty_Id
      </td>
  <td class="duration">
    0.000s
  </td>
  <td class="result">
                         
    
        

      </td>
</tr>
<tr>
  <td class="method">
                  test_Get_All_Alerts_List
      </td>
  <td class="duration">
    0.000s
  </td>
  <td class="result">
                         
    
        

      </td>
</tr>
<tr>
  <td class="method">
                  test_Negative_Get_Alert_By_Not_Existing_Id
      </td>
  <td class="duration">
    0.000s
  </td>
  <td class="result">
                         
    
        

      </td>
</tr>
          <tr>
        <td colspan="3" class="group">com.vmware.vcopsqa.troubleshootingapi.api.tests.rest.components.symptom.SymptomDefinitionTestREST</td>
      </tr>
            
<tr>
  <td class="method">
                  testCreateSimpleSymptom
      </td>
  <td class="duration">
    0.000s
  </td>
  <td class="result">
                         
    
        

      </td>
</tr>
<tr>
  <td class="method">
                  testDeleteSimpleSymptom
      </td>
  <td class="duration">
    0.000s
  </td>
  <td class="result">
                         
    
        

      </td>
</tr>
<tr>
  <td class="method">
                  testUpdateSimpleSymptomCancelCycle
      </td>
  <td class="duration">
    0.000s
  </td>
  <td class="result">
                         
    
        

      </td>
</tr>
<tr>
  <td class="method">
                  testUpdateSimpleSymptomName
      </td>
  <td class="duration">
    0.000s
  </td>
  <td class="result">
                         
    
        

      </td>
</tr>
<tr>
  <td class="method">
                  test_Negative_CreateSimpleSymptomNOTExistingAdapterKind
      </td>
  <td class="duration">
    0.000s
  </td>
  <td class="result">
                         
    
        

      </td>
</tr>
<tr>
  <td class="method">
                  test_Negative_CreateSimpleSymptomNOTExistingResourceKind
      </td>
  <td class="duration">
    0.000s
  </td>
  <td class="result">
                         
    
        

      </td>
</tr>
<tr>
  <td class="method">
                  test_Negative_RetreiveNotExistingSimpleSymptom
      </td>
  <td class="duration">
    0.000s
  </td>
  <td class="result">
                         
    
        

      </td>
</tr>
<tr>
  <td class="method">
                  test_Negative_SymptomCreationByUserDefinedID
      </td>
  <td class="duration">
    0.000s
  </td>
  <td class="result">
                         
    
        

      </td>
</tr>
<tr>
  <td class="method">
                  test_Negative_SymptomCreationWithCyclesLessThanOne
      </td>
  <td class="duration">
    0.000s
  </td>
  <td class="result">
                         
    
        

      </td>
</tr>
<tr>
  <td class="method">
                  test_Negative_SymptomCreationWithoutSeverity
      </td>
  <td class="duration">
    0.000s
  </td>
  <td class="result">
                         
    
        

      </td>
</tr>
<tr>
  <td class="method">
                  test_Negative_UpdateSimpleSymptomAdapterKind
      </td>
  <td class="duration">
    0.000s
  </td>
  <td class="result">
                         
    
        

      </td>
</tr>
<tr>
  <td class="method">
                  test_Negative_UpdateSimpleSymptomId
      </td>
  <td class="duration">
    0.000s
  </td>
  <td class="result">
                         
    
        

      </td>
</tr>
<tr>
  <td class="method">
                  test_Negative_UpdateSimpleSymptomResourceKind
      </td>
  <td class="duration">
    0.000s
  </td>
  <td class="result">
                         
    
        

      </td>
</tr>
<tr>
  <td class="method">
                  test_SymptomCreationByAutoGeneratedID
      </td>
  <td class="duration">
    0.000s
  </td>
  <td class="result">
                         
    
        

      </td>
</tr>
      </table>

  
</body>
</html>
